<?xml version="1.0" encoding="UTF-8"?>
<testng-results ignored="0" total="1" passed="1" failed="0" skipped="0">
  <reporter-output>
    <line>
      <![CDATA[the browser is opened now]]>
    </line>
    <line>
      <![CDATA[the browser is maximized]]>
    </line>
    <line>
      <![CDATA[the google website is opened]]>
    </line>
    <line>
      <![CDATA[The data "Bye"is Entered]]>
    </line>
  </reporter-output>
  <suite started-at="2020-08-14T09:28:49 IST" name="Failed suite [Failed suite [Suite]]" finished-at="2020-08-14T09:29:04 IST" duration-ms="15182">
    <groups>
    </groups>
    <test started-at="2020-08-14T09:28:49 IST" name="Test(failed)(failed)" finished-at="2020-08-14T09:29:04 IST" duration-ms="15182">
      <class name="com.test.DemoA">
        <test-method signature="run()[pri:0, instance:com.test.DemoA@4f638935]" started-at="2020-08-14T09:28:49 IST" name="run" finished-at="2020-08-14T09:29:04 IST" duration-ms="15147" status="PASS">
          <reporter-output>
            <line>
              <![CDATA[the browser is opened now]]>
            </line>
            <line>
              <![CDATA[the browser is maximized]]>
            </line>
            <line>
              <![CDATA[the google website is opened]]>
            </line>
            <line>
              <![CDATA[The data "Bye"is Entered]]>
            </line>
          </reporter-output>
        </test-method> <!-- run -->
      </class> <!-- com.test.DemoA -->
    </test> <!-- Test(failed)(failed) -->
  </suite> <!-- Failed suite [Failed suite [Suite]] -->
</testng-results>
