<?xml version="1.0" encoding="UTF-8"?>
<!-- Generated by org.testng.reporters.JUnitXMLReporter -->
<testsuite ignored="0" hostname="Rv-Prasad" failures="1" tests="1" name="Test(failed)" time="0.042" errors="0" timestamp="2020-08-14T09:26:37 IST">
  <testcase classname="com.test.DemoA" name="run" time="0.008">
    <failure type="java.lang.Error" message="Unresolved compilation problem: 
	Syntax error on token &amp;quot;;&amp;quot;, delete this token
">
      <![CDATA[java.lang.Error: Unresolved compilation problem: 
Syntax error on token ";", delete this token

at com.test.DemoA.run(DemoA.java:15)
at java.base/java.util.ArrayList.forEach(ArrayList.java:1511)
... Removed 27 stack frames]]>
    </failure>
  </testcase> <!-- run -->
</testsuite> <!-- Test(failed) -->
