<?xml version="1.0" encoding="UTF-8"?>
<testng-results ignored="0" total="1" passed="1" failed="0" skipped="0">
  <reporter-output>
  </reporter-output>
  <suite started-at="2020-08-11T20:49:47 IST" name="suite" finished-at="2020-08-11T20:50:16 IST" duration-ms="28943">
    <groups>
    </groups>
    <test started-at="2020-08-11T20:49:47 IST" name="test1" finished-at="2020-08-11T20:50:16 IST" duration-ms="28943">
      <class name="javasccom.pack1.Crossb">
        <test-method signature="Crb(java.lang.String)[pri:0, instance:javasccom.pack1.Crossb@7fc229ab]" started-at="2020-08-11T20:49:47 IST" name="Crb" finished-at="2020-08-11T20:50:16 IST" duration-ms="28879" status="PASS">
          <params>
            <param index="0">
              <value>
                <![CDATA[chrome]]>
              </value>
            </param>
          </params>
          <reporter-output>
          </reporter-output>
        </test-method> <!-- Crb -->
      </class> <!-- javasccom.pack1.Crossb -->
    </test> <!-- test1 -->
  </suite> <!-- suite -->
</testng-results>
